<?xml version="1.0" encoding="UTF-8"?>
<testsuite name="spacewars.model.item.command.MenuButtonCommandTest" tests="2" skipped="0" failures="0" errors="0" timestamp="2022-01-17T14:47:09" hostname="MBP-de-Edgar" time="0.028">
  <properties/>
  <testcase name="execute()" classname="spacewars.model.item.command.MenuButtonCommandTest" time="0.026"/>
  <testcase name="undo()" classname="spacewars.model.item.command.MenuButtonCommandTest" time="0.001"/>
  <system-out><![CDATA[]]></system-out>
  <system-err><![CDATA[]]></system-err>
</testsuite>
