<?xml version="1.0" encoding="UTF-8"?>
<testsuite name="spacewars.model.element.enemy.EnemyTest" tests="5" skipped="0" failures="0" errors="0" timestamp="2022-01-17T14:47:09" hostname="MBP-de-Edgar" time="0.088">
  <properties/>
  <testcase name="energy()" classname="spacewars.model.element.enemy.EnemyTest" time="0.071"/>
  <testcase name="updateColor()" classname="spacewars.model.element.enemy.EnemyTest" time="0.006"/>
  <testcase name="speed()" classname="spacewars.model.element.enemy.EnemyTest" time="0.003"/>
  <testcase name="setEnergy()" classname="spacewars.model.element.enemy.EnemyTest" time="0.003"/>
  <testcase name="setLastShot()" classname="spacewars.model.element.enemy.EnemyTest" time="0.003"/>
  <system-out><![CDATA[]]></system-out>
  <system-err><![CDATA[]]></system-err>
</testsuite>
