<?xml version="1.0" encoding="UTF-8"?>
<testsuite name="spacewars.controller.EnemyControllerTest" tests="5" skipped="0" failures="0" errors="0" timestamp="2022-01-17T14:47:09" hostname="MBP-de-Edgar" time="0.017">
  <properties/>
  <testcase name="shouldShoot()" classname="spacewars.controller.EnemyControllerTest" time="0.002"/>
  <testcase name="step()" classname="spacewars.controller.EnemyControllerTest" time="0.003"/>
  <testcase name="shoot()" classname="spacewars.controller.EnemyControllerTest" time="0.004"/>
  <testcase name="bulletConfig()" classname="spacewars.controller.EnemyControllerTest" time="0.003"/>
  <testcase name="verifyPosition()" classname="spacewars.controller.EnemyControllerTest" time="0.004"/>
  <system-out><![CDATA[]]></system-out>
  <system-err><![CDATA[]]></system-err>
</testsuite>
