<?xml version="1.0" encoding="UTF-8"?>
<testsuite name="spacewars.viewer.element.ButtonViewerTest" tests="1" skipped="0" failures="0" errors="0" timestamp="2022-01-17T14:47:09" hostname="MBP-de-Edgar" time="0.002">
  <properties/>
  <testcase name="drawElement()" classname="spacewars.viewer.element.ButtonViewerTest" time="0.002"/>
  <system-out><![CDATA[]]></system-out>
  <system-err><![CDATA[]]></system-err>
</testsuite>
