<?xml version="1.0" encoding="UTF-8"?>
<testsuite name="spacewars.viewer.element.EnemyViewerTest" tests="4" skipped="0" failures="0" errors="0" timestamp="2022-01-17T14:47:09" hostname="MBP-de-Edgar" time="0.012">
  <properties/>
  <testcase name="drawMedium()" classname="spacewars.viewer.element.EnemyViewerTest" time="0.002"/>
  <testcase name="drawSmall()" classname="spacewars.viewer.element.EnemyViewerTest" time="0.003"/>
  <testcase name="drawElement()" classname="spacewars.viewer.element.EnemyViewerTest" time="0.004"/>
  <testcase name="drawBig()" classname="spacewars.viewer.element.EnemyViewerTest" time="0.001"/>
  <system-out><![CDATA[]]></system-out>
  <system-err><![CDATA[]]></system-err>
</testsuite>
