<?xml version="1.0" encoding="UTF-8"?>
<testsuite name="spacewars.state.PlayingStateTest" tests="6" skipped="0" failures="0" errors="0" timestamp="2022-01-17T14:47:08" hostname="MBP-de-Edgar" time="0.316">
  <properties/>
  <testcase name="testGetLevel()" classname="spacewars.state.PlayingStateTest" time="0.266"/>
  <testcase name="testStart()" classname="spacewars.state.PlayingStateTest" time="0.005"/>
  <testcase name="testStep()" classname="spacewars.state.PlayingStateTest" time="0.003"/>
  <testcase name="testSetPlayingController()" classname="spacewars.state.PlayingStateTest" time="0.029"/>
  <testcase name="testGetPlayingController()" classname="spacewars.state.PlayingStateTest" time="0.004"/>
  <testcase name="testSetLevel()" classname="spacewars.state.PlayingStateTest" time="0.004"/>
  <system-out><![CDATA[]]></system-out>
  <system-err><![CDATA[]]></system-err>
</testsuite>
