<?xml version="1.0" encoding="UTF-8"?>
<testsuite name="spacewars.model.item.GunTest" tests="3" skipped="0" failures="0" errors="0" timestamp="2022-01-17T14:47:09" hostname="MBP-de-Edgar" time="0.003">
  <properties/>
  <testcase name="getDamage()" classname="spacewars.model.item.GunTest" time="0.001"/>
  <testcase name="getColor()" classname="spacewars.model.item.GunTest" time="0.001"/>
  <testcase name="getSpeed()" classname="spacewars.model.item.GunTest" time="0.0"/>
  <system-out><![CDATA[]]></system-out>
  <system-err><![CDATA[]]></system-err>
</testsuite>
