<?xml version="1.0" encoding="UTF-8"?>
<testsuite name="spacewars.viewer.state.MenuViewerTest" tests="1" skipped="0" failures="0" errors="0" timestamp="2022-01-17T14:47:09" hostname="MBP-de-Edgar" time="0.005">
  <properties/>
  <testcase name="draw()" classname="spacewars.viewer.state.MenuViewerTest" time="0.005"/>
  <system-out><![CDATA[]]></system-out>
  <system-err><![CDATA[]]></system-err>
</testsuite>
