<?xml version="1.0" encoding="UTF-8"?>
<testsuite name="spacewars.controller.LevelControllerTest" tests="3" skipped="0" failures="0" errors="0" timestamp="2022-01-17T14:47:09" hostname="MBP-de-Edgar" time="0.01">
  <properties/>
  <testcase name="resetPlayer()" classname="spacewars.controller.LevelControllerTest" time="0.003"/>
  <testcase name="shoot()" classname="spacewars.controller.LevelControllerTest" time="0.003"/>
  <testcase name="removeBullets()" classname="spacewars.controller.LevelControllerTest" time="0.002"/>
  <system-out><![CDATA[]]></system-out>
  <system-err><![CDATA[]]></system-err>
</testsuite>
