<?xml version="1.0" encoding="UTF-8"?>
<testsuite name="spacewars.gui.LanternaGUITest" tests="10" skipped="0" failures="0" errors="0" timestamp="2022-01-17T14:47:09" hostname="MBP-de-Edgar" time="0.031">
  <properties/>
  <testcase name="drawDS()" classname="spacewars.gui.LanternaGUITest" time="0.004"/>
  <testcase name="drawSD()" classname="spacewars.gui.LanternaGUITest" time="0.004"/>
  <testcase name="drawTF()" classname="spacewars.gui.LanternaGUITest" time="0.002"/>
  <testcase name="drawBackground()" classname="spacewars.gui.LanternaGUITest" time="0.002"/>
  <testcase name="drawInfo()" classname="spacewars.gui.LanternaGUITest" time="0.004"/>
  <testcase name="drawBullet()" classname="spacewars.gui.LanternaGUITest" time="0.002"/>
  <testcase name="drawButton()" classname="spacewars.gui.LanternaGUITest" time="0.003"/>
  <testcase name="drawPlayer()" classname="spacewars.gui.LanternaGUITest" time="0.002"/>
  <testcase name="drawTitle()" classname="spacewars.gui.LanternaGUITest" time="0.002"/>
  <testcase name="drawRectangle()" classname="spacewars.gui.LanternaGUITest" time="0.002"/>
  <system-out><![CDATA[]]></system-out>
  <system-err><![CDATA[]]></system-err>
</testsuite>
