<?xml version="1.0" encoding="UTF-8"?>
<testsuite name="spacewars.state.GameStateTest" tests="3" skipped="0" failures="0" errors="0" timestamp="2022-01-17T14:47:09" hostname="MBP-de-Edgar" time="0.027">
  <properties/>
  <testcase name="testGetGame()" classname="spacewars.state.GameStateTest" time="0.022"/>
  <testcase name="testGetButtons()" classname="spacewars.state.GameStateTest" time="0.001"/>
  <testcase name="testChangeState()" classname="spacewars.state.GameStateTest" time="0.002"/>
  <system-out><![CDATA[]]></system-out>
  <system-err><![CDATA[]]></system-err>
</testsuite>
