<?xml version="1.0" encoding="UTF-8"?>
<testsuite name="spacewars.state.MenuStateTest" tests="4" skipped="0" failures="0" errors="0" timestamp="2022-01-17T14:47:09" hostname="MBP-de-Edgar" time="0.041">
  <properties/>
  <testcase name="testGetMenuController()" classname="spacewars.state.MenuStateTest" time="0.027"/>
  <testcase name="testStart()" classname="spacewars.state.MenuStateTest" time="0.005"/>
  <testcase name="testStep()" classname="spacewars.state.MenuStateTest" time="0.003"/>
  <testcase name="testSetMenuController()" classname="spacewars.state.MenuStateTest" time="0.004"/>
  <system-out><![CDATA[]]></system-out>
  <system-err><![CDATA[]]></system-err>
</testsuite>
