<?xml version="1.0" encoding="UTF-8"?>
<testsuite name="spacewars.controller.PlayerControllerTest" tests="4" skipped="0" failures="0" errors="0" timestamp="2022-01-17T14:47:09" hostname="MBP-de-Edgar" time="0.006">
  <properties/>
  <testcase name="movePlayer()" classname="spacewars.controller.PlayerControllerTest" time="0.001"/>
  <testcase name="movePlayerDown()" classname="spacewars.controller.PlayerControllerTest" time="0.002"/>
  <testcase name="doAction()" classname="spacewars.controller.PlayerControllerTest" time="0.001"/>
  <testcase name="movePlayerUp()" classname="spacewars.controller.PlayerControllerTest" time="0.001"/>
  <system-out><![CDATA[]]></system-out>
  <system-err><![CDATA[]]></system-err>
</testsuite>
